<?xml version="1.0" encoding="UTF-8"?>
<testsuite name="com.learning.SpringDataJPA.SpringDataJpaApplicationTests" tests="1" skipped="0" failures="0" errors="0" timestamp="2021-04-19T06:57:58" hostname="SANGACHA-IN" time="0.118">
  <properties/>
  <testcase name="contextLoads()" classname="com.learning.SpringDataJPA.SpringDataJpaApplicationTests" time="0.118"/>
  <system-out><![CDATA[12:27:52.218 [Test worker] DEBUG org.springframework.test.context.BootstrapUtils - Instantiating CacheAwareContextLoaderDelegate from class [org.springframework.test.context.cache.DefaultCacheAwareContextLoaderDelegate]
12:27:52.243 [Test worker] DEBUG org.springframework.test.context.BootstrapUtils - Instantiating BootstrapContext using constructor [public org.springframework.test.context.support.DefaultBootstrapContext(java.lang.Class,org.springframework.test.context.CacheAwareContextLoaderDelegate)]
12:27:52.298 [Test worker] DEBUG org.springframework.test.context.BootstrapUtils - Instantiating TestContextBootstrapper for test class [com.learning.SpringDataJPA.SpringDataJpaApplicationTests] from class [org.springframework.boot.test.context.SpringBootTestContextBootstrapper]
12:27:52.323 [Test worker] INFO org.springframework.boot.test.context.SpringBootTestContextBootstrapper - Neither @ContextConfiguration nor @ContextHierarchy found for test class [com.learning.SpringDataJPA.SpringDataJpaApplicationTests], using SpringBootContextLoader
12:27:52.331 [Test worker] DEBUG org.springframework.test.context.support.AbstractContextLoader - Did not detect default resource location for test class [com.learning.SpringDataJPA.SpringDataJpaApplicationTests]: class path resource [com/learning/SpringDataJPA/SpringDataJpaApplicationTests-context.xml] does not exist
12:27:52.332 [Test worker] DEBUG org.springframework.test.context.support.AbstractContextLoader - Did not detect default resource location for test class [com.learning.SpringDataJPA.SpringDataJpaApplicationTests]: class path resource [com/learning/SpringDataJPA/SpringDataJpaApplicationTestsContext.groovy] does not exist
12:27:52.332 [Test worker] INFO org.springframework.test.context.support.AbstractContextLoader - Could not detect default resource locations for test class [com.learning.SpringDataJPA.SpringDataJpaApplicationTests]: no resource found for suffixes {-context.xml, Context.groovy}.
12:27:52.333 [Test worker] INFO org.springframework.test.context.support.AnnotationConfigContextLoaderUtils - Could not detect default configuration classes for test class [com.learning.SpringDataJPA.SpringDataJpaApplicationTests]: SpringDataJpaApplicationTests does not declare any static, non-private, non-final, nested classes annotated with @Configuration.
12:27:52.404 [Test worker] DEBUG org.springframework.test.context.support.ActiveProfilesUtils - Could not find an 'annotation declaring class' for annotation type [org.springframework.test.context.ActiveProfiles] and class [com.learning.SpringDataJPA.SpringDataJpaApplicationTests]
12:27:52.497 [Test worker] DEBUG org.springframework.context.annotation.ClassPathScanningCandidateComponentProvider - Identified candidate component class: file [D:\Learning\SpringBoot Projects\SpringDataJPA\build\classes\java\main\com\learning\SpringDataJPA\SpringDataJpaApplication.class]
12:27:52.499 [Test worker] INFO org.springframework.boot.test.context.SpringBootTestContextBootstrapper - Found @SpringBootConfiguration com.learning.SpringDataJPA.SpringDataJpaApplication for test class com.learning.SpringDataJPA.SpringDataJpaApplicationTests
12:27:52.696 [Test worker] DEBUG org.springframework.boot.test.context.SpringBootTestContextBootstrapper - @TestExecutionListeners is not present for class [com.learning.SpringDataJPA.SpringDataJpaApplicationTests]: using defaults.
12:27:52.696 [Test worker] INFO org.springframework.boot.test.context.SpringBootTestContextBootstrapper - Loaded default TestExecutionListener class names from location [META-INF/spring.factories]: [org.springframework.boot.test.autoconfigure.restdocs.RestDocsTestExecutionListener, org.springframework.boot.test.autoconfigure.web.client.MockRestServiceServerResetTestExecutionListener, org.springframework.boot.test.autoconfigure.web.servlet.MockMvcPrintOnlyOnFailureTestExecutionListener, org.springframework.boot.test.autoconfigure.web.servlet.WebDriverTestExecutionListener, org.springframework.boot.test.autoconfigure.webservices.client.MockWebServiceServerTestExecutionListener, org.springframework.boot.test.mock.mockito.MockitoTestExecutionListener, org.springframework.boot.test.mock.mockito.ResetMocksTestExecutionListener, org.springframework.test.context.web.ServletTestExecutionListener, org.springframework.test.context.support.DirtiesContextBeforeModesTestExecutionListener, org.springframework.test.context.event.ApplicationEventsTestExecutionListener, org.springframework.test.context.support.DependencyInjectionTestExecutionListener, org.springframework.test.context.support.DirtiesContextTestExecutionListener, org.springframework.test.context.transaction.TransactionalTestExecutionListener, org.springframework.test.context.jdbc.SqlScriptsTestExecutionListener, org.springframework.test.context.event.EventPublishingTestExecutionListener]
12:27:52.767 [Test worker] INFO org.springframework.boot.test.context.SpringBootTestContextBootstrapper - Using TestExecutionListeners: [org.springframework.test.context.web.ServletTestExecutionListener@b38356, org.springframework.test.context.support.DirtiesContextBeforeModesTestExecutionListener@17c38ab, org.springframework.test.context.event.ApplicationEventsTestExecutionListener@13b730d, org.springframework.boot.test.mock.mockito.MockitoTestExecutionListener@162a553, org.springframework.boot.test.autoconfigure.SpringBootDependencyInjectionTestExecutionListener@18f371a, org.springframework.test.context.support.DirtiesContextTestExecutionListener@12eee60, org.springframework.test.context.transaction.TransactionalTestExecutionListener@1fd55d3, org.springframework.test.context.jdbc.SqlScriptsTestExecutionListener@1e12d02, org.springframework.test.context.event.EventPublishingTestExecutionListener@1aafac3, org.springframework.boot.test.autoconfigure.restdocs.RestDocsTestExecutionListener@19d41f8, org.springframework.boot.test.autoconfigure.web.client.MockRestServiceServerResetTestExecutionListener@49da15, org.springframework.boot.test.autoconfigure.web.servlet.MockMvcPrintOnlyOnFailureTestExecutionListener@f07b23, org.springframework.boot.test.autoconfigure.web.servlet.WebDriverTestExecutionListener@9ef61c, org.springframework.boot.test.autoconfigure.webservices.client.MockWebServiceServerTestExecutionListener@1c9f436, org.springframework.boot.test.mock.mockito.ResetMocksTestExecutionListener@1b616a8]
12:27:52.775 [Test worker] DEBUG org.springframework.test.context.support.AbstractDirtiesContextTestExecutionListener - Before test class: context [DefaultTestContext@1843ad5 testClass = SpringDataJpaApplicationTests, testInstance = [null], testMethod = [null], testException = [null], mergedContextConfiguration = [WebMergedContextConfiguration@2b9e09 testClass = SpringDataJpaApplicationTests, locations = '{}', classes = '{class com.learning.SpringDataJPA.SpringDataJpaApplication}', contextInitializerClasses = '[]', activeProfiles = '{}', propertySourceLocations = '{}', propertySourceProperties = '{org.springframework.boot.test.context.SpringBootTestContextBootstrapper=true}', contextCustomizers = set[org.springframework.boot.test.autoconfigure.actuate.metrics.MetricsExportContextCustomizerFactory$DisableMetricExportContextCustomizer@86d208, org.springframework.boot.test.autoconfigure.properties.PropertyMappingContextCustomizer@0, org.springframework.boot.test.autoconfigure.web.servlet.WebDriverContextCustomizerFactory$Customizer@6a9725, org.springframework.boot.test.context.filter.ExcludeFilterContextCustomizer@6926d4, org.springframework.boot.test.json.DuplicateJsonObjectContextCustomizerFactory$DuplicateJsonObjectContextCustomizer@1a65aff, org.springframework.boot.test.mock.mockito.MockitoContextCustomizer@0, org.springframework.boot.test.web.client.TestRestTemplateContextCustomizer@19efd96, org.springframework.boot.test.context.SpringBootTestArgs@1, org.springframework.boot.test.context.SpringBootTestWebEnvironment@f99781], resourceBasePath = 'src/main/webapp', contextLoader = 'org.springframework.boot.test.context.SpringBootContextLoader', parent = [null]], attributes = map['org.springframework.test.context.web.ServletTestExecutionListener.activateListener' -> true]], class annotated with @DirtiesContext [false] with mode [null].
12:27:52.823 [Test worker] DEBUG org.springframework.test.context.support.TestPropertySourceUtils - Adding inlined properties to environment: {spring.jmx.enabled=false, org.springframework.boot.test.context.SpringBootTestContextBootstrapper=true}

  .   ____          _            __ _ _
 /\\ / ___'_ __ _ _(_)_ __  __ _ \ \ \ \
( ( )\___ | '_ | '_| | '_ \/ _` | \ \ \ \
 \\/  ___)| |_)| | | | | || (_| |  ) ) ) )
  '  |____| .__|_| |_|_| |_\__, | / / / /
 =========|_|==============|___/=/_/_/_/
 :: Spring Boot ::                (v2.4.5)

2021-04-19 12:27:53.213  INFO 5092 --- [    Test worker] c.l.S.SpringDataJpaApplicationTests      : Starting SpringDataJpaApplicationTests using Java 1.8.0_281 on SANGACHA-IN with PID 5092 (started by sangacha in D:\Learning\SpringBoot Projects\SpringDataJPA)
2021-04-19 12:27:53.216  INFO 5092 --- [    Test worker] c.l.S.SpringDataJpaApplicationTests      : No active profile set, falling back to default profiles: default
2021-04-19 12:27:54.081  INFO 5092 --- [    Test worker] .s.d.r.c.RepositoryConfigurationDelegate : Bootstrapping Spring Data JPA repositories in DEFAULT mode.
2021-04-19 12:27:54.160  INFO 5092 --- [    Test worker] .s.d.r.c.RepositoryConfigurationDelegate : Finished Spring Data repository scanning in 68 ms. Found 1 JPA repository interfaces.
2021-04-19 12:27:54.885  INFO 5092 --- [    Test worker] com.zaxxer.hikari.HikariDataSource       : HikariPool-1 - Starting...
2021-04-19 12:27:55.166  INFO 5092 --- [    Test worker] com.zaxxer.hikari.HikariDataSource       : HikariPool-1 - Start completed.
2021-04-19 12:27:55.263  INFO 5092 --- [    Test worker] o.hibernate.jpa.internal.util.LogHelper  : HHH000204: Processing PersistenceUnitInfo [name: default]
2021-04-19 12:27:55.354  INFO 5092 --- [    Test worker] org.hibernate.Version                    : HHH000412: Hibernate ORM core version 5.4.30.Final
2021-04-19 12:27:55.613  INFO 5092 --- [    Test worker] o.hibernate.annotations.common.Version   : HCANN000001: Hibernate Commons Annotations {5.1.2.Final}
2021-04-19 12:27:55.862  INFO 5092 --- [    Test worker] org.hibernate.dialect.Dialect            : HHH000400: Using dialect: org.hibernate.dialect.H2Dialect
2021-04-19 12:27:56.859  INFO 5092 --- [    Test worker] o.h.e.t.j.p.i.JtaPlatformInitiator       : HHH000490: Using JtaPlatform implementation: [org.hibernate.engine.transaction.jta.platform.internal.NoJtaPlatform]
2021-04-19 12:27:57.068  INFO 5092 --- [    Test worker] j.LocalContainerEntityManagerFactoryBean : Initialized JPA EntityManagerFactory for persistence unit 'default'
2021-04-19 12:27:57.728  WARN 5092 --- [    Test worker] JpaBaseConfiguration$JpaWebConfiguration : spring.jpa.open-in-view is enabled by default. Therefore, database queries may be performed during view rendering. Explicitly configure spring.jpa.open-in-view to disable this warning
2021-04-19 12:27:58.053  INFO 5092 --- [    Test worker] o.s.s.concurrent.ThreadPoolTaskExecutor  : Initializing ExecutorService 'applicationTaskExecutor'
2021-04-19 12:27:58.140  INFO 5092 --- [    Test worker] o.s.b.a.h2.H2ConsoleAutoConfiguration    : H2 console available at '/h2'. Database available at 'jdbc:h2:mem:testdb'
2021-04-19 12:27:58.614  INFO 5092 --- [    Test worker] c.l.S.SpringDataJpaApplicationTests      : Started SpringDataJpaApplicationTests in 5.779 seconds (JVM running for 7.85)
]]></system-out>
  <system-err><![CDATA[]]></system-err>
</testsuite>
